<?xml version="1.0" encoding="UTF-8"?>
<!-- Generated by org.testng.reporters.JUnitReportReporter -->
<testsuite hostname="Anand" failures="0" tests="3" name="SeleniumWebDriver_NavigationCommands.SeleniumWebDriver_NavigationCommands" time="23.788" errors="0" timestamp="2026-07-15T10:26:55 IST" skipped="0">
  <testcase classname="SeleniumWebDriver_NavigationCommands.SeleniumWebDriver_NavigationCommands" name="NavigateDemo" time="9.816"/>
  <testcase classname="SeleniumWebDriver_NavigationCommands.SeleniumWebDriver_NavigationCommands" name="NavigateBackDemo" time="9.454"/>
  <testcase classname="SeleniumWebDriver_NavigationCommands.SeleniumWebDriver_NavigationCommands" name="RefreshMethod" time="4.518"/>
</testsuite> <!-- SeleniumWebDriver_NavigationCommands.SeleniumWebDriver_NavigationCommands -->
