<?xml version="1.0" encoding="UTF-8"?>
<testng-results ignored="0" total="1" passed="1" failed="0" skipped="0">
  <reporter-output>
  </reporter-output>
  <suite started-at="2026-07-16T11:46:12 IST" name="Default suite" finished-at="2026-07-16T11:47:11 IST" duration-ms="59002">
    <groups>
    </groups>
    <test started-at="2026-07-16T11:46:12 IST" name="Default test" finished-at="2026-07-16T11:47:11 IST" duration-ms="59002">
      <class name="com.SeleniumWebDriver.LocatorsDemo.Partial_LinkLocator">
        <test-method is-config="true" signature="setup()[pri:0, instance:com.SeleniumWebDriver.LocatorsDemo.Partial_LinkLocator@43bc63a3]" started-at="2026-07-16T11:46:12 IST" name="setup" finished-at="2026-07-16T11:46:29 IST" duration-ms="17302" status="PASS">
          <reporter-output>
          </reporter-output>
        </test-method> <!-- setup -->
        <test-method signature="linkTest()[pri:0, instance:com.SeleniumWebDriver.LocatorsDemo.Partial_LinkLocator@43bc63a3]" started-at="2026-07-16T11:46:29 IST" name="linkTest" finished-at="2026-07-16T11:47:11 IST" duration-ms="41634" status="PASS">
          <reporter-output>
          </reporter-output>
        </test-method> <!-- linkTest -->
      </class> <!-- com.SeleniumWebDriver.LocatorsDemo.Partial_LinkLocator -->
    </test> <!-- Default test -->
  </suite> <!-- Default suite -->
</testng-results>
