<?xml version="1.0" encoding="UTF-8"?>
<testng-results ignored="0" total="1" passed="1" failed="0" skipped="0">
  <reporter-output>
  </reporter-output>
  <suite started-at="2026-07-16T18:09:05 IST" name="Default suite" finished-at="2026-07-16T18:09:13 IST" duration-ms="8129">
    <groups>
    </groups>
    <test started-at="2026-07-16T18:09:05 IST" name="Default test" finished-at="2026-07-16T18:09:13 IST" duration-ms="8129">
      <class name="Selenium_Alert.AlertExample">
        <test-method signature="HandleAlert()[pri:0, instance:Selenium_Alert.AlertExample@5c6648b0]" started-at="2026-07-16T18:09:05 IST" name="HandleAlert" finished-at="2026-07-16T18:09:13 IST" duration-ms="8048" status="PASS">
          <reporter-output>
          </reporter-output>
        </test-method> <!-- HandleAlert -->
      </class> <!-- Selenium_Alert.AlertExample -->
    </test> <!-- Default test -->
  </suite> <!-- Default suite -->
</testng-results>
